<?xml version="1.0" encoding="UTF-8"?>
<!-- Generated by org.testng.reporters.JUnitReportReporter -->
<testsuite hostname="DESKTOP-3LS0RRU" failures="0" tests="2" name="org.Framework.pageObjects.android.eCommerce_tc4_Hybrid" time="108.074" errors="0" timestamp="2023-08-02T13:05:44 IST" skipped="0">
  <testcase classname="org.Framework.pageObjects.android.eCommerce_tc4_Hybrid" name="FillForm" time="47.844"/>
  <testcase classname="org.Framework.pageObjects.android.eCommerce_tc4_Hybrid" name="FillForm" time="60.230"/>
</testsuite> <!-- org.Framework.pageObjects.android.eCommerce_tc4_Hybrid -->
